  137  git status
  138  sit branch
  139  git branch
  140  git add .
  141  sudo git add .
  142  git status
  143  git sudo git status
  144  sudo git status
  145  sudo git commit -m 'first.txtの作成'
  146  git log
  147  cd /vagrant
  148  ls
  149  mkdir -p server_lesson/linux_practice/public
  150  sudo mkdir -p server_lesson/linu_prectice/public
  151  ls server_lesson server_lesson/linux_prectice
  152  ls server_lesson server_lesson/linux_practice
  153  ls
  154  cd server_lesson
  155  sudo rm linu_prectice
  156  sudo rm -r linu_prectice
  157  ls
  158  cd /vagrant
  159  sudo mkdir -p server_lesson/linux_practice/public
  160  ls server_lesson server_lesson/linux_practice
  161  cd server/
  162  cd server_lesson
  163  sudo git status
  164  git log
  165  git add .
  166  sudo git add .
  167  git status
  168  ls
  169  cd /vagrant
  170  sudo touch server_lesson/linux_practice/public/index.php
  171  ls server_lesson/linux_practice/public
  172  cd /vagrant/server_lesson && ls
  173  cd linux_practice/public
  174  cp index.php index_bk.php
  175  sudo cp index.php index_bk.php
  176  ls
  177  cd .
  178  cd ..
  179  cp -r public tmp
  180  sudo cp -r public tmp
  181  ls public
  182  ls
  183  ls tmp
  184  cd ..
  185  git status
  186  git dff
  187  git diff
  188  cd ..
  189  mv server_lesson/linux_practice server_lesson/linux_practice1
  190  sudo mv server_lesson/linux_practice server_lesson/linux_practice1
  191  sudo mkdir linux_practice2 linux_practice3
  192  mv ./linux_practice2 ./server_lesson
  193  sudo mv ./linux_practice2 ./server_lesson
  194  ls
  195  ls server_lesson
  196  ls server_lesson/linux_practice1
  197  sudo rm -r server_lesson
  198  ls
  199  sudo rm -r linux_practice3
  200  ls
  201  sudo mkdir server_lesson && cd server_lesson
  202  git init
  203  sudo git init
  204  sudo touch first.txt
  205  ls
  206  git status
  207  git add .
  208  sudo git add .
  209  git status
  210  git commit -m 'first.txtの作成'
  211  sudo git commit -m 'first.txtの作成'
  212  sudo git remote add origin https://github.com/Fumiya-Kai/server_lesson.git
  213  git push origin master
  214  mkdir server_lesson/linux_practice/public
  215  cd ..
  216  mkdir server_lesson/linux_practice/public
  217  mkdir -p server_lesson/linux_practice/public
  218  sudo mkdir -p server_lesson/linux_practice/public
  219  ls server_lesson server_lesson/linux_practice
  220  cd server_lesson
  221  git status
  222  cd ..
  223  sudo rm -r server_lesson/linux_practice
  224  ls server_lesson
  225  sudo mkdir -p server_lesson/linux_practice/public
  226  ls server_lesson server_lesson/linux_practice
  227  touch server_lesson/linux_practice/public/index.php
  228  sudo touch server_lesson/linux_practice/public/index.php
  229  ls server_lesson/linux_practice/public
  230  git status
  231  cd server_lesson
  232  git status
  233  sudo git add .
  234  sudo git commit -m 'mkdirでのlinux_practiceとpublic作成とtouchでのindex.php作成'
  235  git status
  236  cd /vagrant/server_lesson && ls
  237  cd /vagrant/server_lesson/linux_practice/public
  238  sudo cp index.php index_bk.php
  239  ls
  240  cd ..
  241  cp -r public tmp
  242  sudo cp -r public tmp
  243  ls
  244  ls ./ public tmp
  245  cd /vagrant
  246  cd server_lesson
  247  git status
  248  git add .
  249  sudo git add .
  250  sudo git commit -m 'cpによるpublicディレクトリとindex.phpのコピー'
  251  cd /vagrant
  252  mv server_lesson/linux_practice server_lesson/linux_practice1
  253  sudo mv server_lesson/linux_practice server_lesson/linux_practice1
  254  mkdir linux_practice2 linux_practice3
  255  sudo mkdir linux_practice2 linux_practice3
  256  mv ./linux_practice2 ./server_lesson
  257  sudo mv ./linux_practice2 ./server_lesson
  258  ls ./ server_lesson
  259  cd server_lesson
  260  git status
  261  sudo git add .
  262  git status
  263  ls 
  264  ls linux_practice1
  265  ls linux_practice1/public
  266  sudo dit commit -m 'mvによるlinux_practiceの名前変更とlinux_practice2,3作成後、linux_practice2のserver_lesson下への移動'
  267  sudo git commit -m 'mvによるlinux_practiceの名前変更とlinux_practice2,3作成後、linux_practice2のserver_lesson下への移動'
  268  cd /vagrant/server_lesson/linux_practice1/tmp/
  269  sudo rm *_bk.php
  270  ls
  271  cd /vagrant
  272  sudo rm server_lesson/first.txt
  273  sudo rm -r linux_practice3
  274  ls server_lesson
  275  ls
  276  cd server_lesson
  277  git status
  278  sudo git add .
  279  git status
  280  sudo git add .
  281  git log
  282  sudo git commit -m 'rmによるtmp/index_bk.phpとserver_lesson/first.txtとvagrant/linux_practice3の削除'
  283  sudo git add . && git commit -a
  284  cd ..
  285  cd server_lesson
  286  git status
  287  sudo git push origin master
  288  sudo git add .
  289  ls
  290  sudo touch first.txt
  291  ls
  292  sudo git add .
  293  ls
  294  git status
  295  cd ..
  296  sudo rm -r server_lesson
  297  ls
  298  mkdir server_lesson && cd server_lesson
  299  sudo mkdir server_lesson && cd server_lesson
  300  git init
  301  sudo git init
  302  git remote origin https://github.com/Fumiya-Kai/server_lesson.git
  303  git remote add origin https://github.com/Fumiya-Kai/server_lesson.git
  304  sudo git remote add origin https://github.com/Fumiya-Kai/server_lesson.git
  305  ls
  306  sudo touch first.txt
  307  ls
  308  git status
  309  sudo git add .
  310  git commit -m 'first.txtの作成'
  311  git status
  312  sudo git commit -m 'first.txtの作成'
  313  git status
  314  sudo git push origin master
  315  ls
  316  sudo mkdir -p server_lesson/linux_practice/public
  317  git status
  318  ls
  319  sudo rm server_lesson
  320  sudo rm -r server_lesson
  321  ls
  322  git status
  323  cd ..
  324  sudo mkdir -p server_lesson/linux_practice/public
  325  ls server_lesson server_lesson/linux_practice
  326  cd server_lesson
  327  git status
  328  cd ..
  329  sudo touch server_lesson/linux_practice/public/index.php
  330  cd server_lesson
  331  git status
  332  sudo git add .
  333  sudo git commit -m 'mkdirによるpublicディレクトリ作成とtouchによるindex.php作成'
  334  git status
  335  sudo git push origin master
  336  ls
  337  cd /vagrant/server_lesson/linux_practice/public
  338  sudo cp index.php index_bk.php
  339  ls
  340  cd ..
  341  git status
  342  git add .
  343  sudo git add.
  344  sudo git add .
  345  sudo git commit -m 'cpによるindex.phpのコピー'
  346  sudo git push origin master
  347  git status
  348  cd /vagrant/server_lesson/linux_practice
  349  sudo cp -r public tmp
  350  ls
  351  ls ./ public tmp
  352  cd ..
  353  git status
  354  sudo git add .
  355  sudo git commit -m 'cp -rによるpublicディレクトリのコピー'
  356  sudo git push origin master
  357  cd /vagrant
  358  ls
  359  ls server_lesson
  360  sudo mv server_lesson/linux_practice server_lesson/linux_practice1
  361  ls server_lesson
  362  cd server_lesson
  363  git status
  364  git add .
  365  sudo git add .
  366  sudo git add -A
  367  git status
  368  cd ..
  369  sudo mkdir linux_practice2 linux_practice3
  370  sudo mv ./linux_practice2 ./server_lesson
  371  cd server_lesson
  372  git status
  373  ls
  374  cd ..
  375  ls
  376  cd server_lesson
  377  sudo git add .
  378  sudo git commit -m 'mvによるlinux_precticeの名前変更とvagrantからのlinux_practice2の移動'
  379  git status
  380  sudo git push origin master
  381  cd /vagrant/server_lesson/linux_practice1/tmp/
  382  ls
  383  sudo rm *_bk.php
  384  ls
  385  cd /vagrant
  386  rm server_lesson/first.txt
  387  sudo rm server_lesson/first.txt
  388  ls server_lesson
  389  rm -r linux_practice3
  390  sudo rm -r linux_practice3
  391  ls
  392  cd server_lesson
  393  git status
  394  sudo git add .
  395  sudo git add -A
  396  sudo git commit -m 'rmによるtmp/index_bk.phpとfirst.txtとvagrant/linux_practice3ディレクトリの削除'
  397  git status
  398  git push origin master
  399  sudo git push origin master
  400  git status
  401  echo '# サーバレッスン' > README.md
  402  sudo echo '# サーバレッスン' > README.md
  403  ls
  404  cd /vagrant/server_lesson
  405  sudo echo '# サーバレッスン' > README.md
  406  cat README.md
  407  sudo sh -c "echo '# サーバレッスン' > README.md"
  408  ls
  409  sudo echo 'Linuxプラクティス' >> README.md
  410  sudo sh -c "echo 'Linuxプラクティス' >> README.md"
  411  sudo sh -c "echo '-----------------' >> README.md"
  412  cat README.md
  413  git status
  414  sudo git add .
  415  sudo git commit -m 'echoによるREADME.mdの作成と書き込み'
  416  sudo git push origin master
  417  vi README.md
  418  sudo su -
    1  vagrant ssh
    2  cd server_lesson
    3  cd /vagrant/server_lesson
    4  vi README.md
    5  ls
    6  ls linux_practice1
    7  ls linux_practice1/public
    8  ls linux_practice1/tmp
    9  ls linux_practice2
   10  git status
   11  git add .
   12  vi README.md
   13  git commit -m 'viでエディタを開き、編集'
   14  git status
   15  git push origin master
   16  vi README.md
   17  git status
   18  vi README.md
   19  git status
   20  mkdir linux_practice2/documents
   21  ls
   22  cd linux_practice2
   23  ls
   24  touch documents/gizumo{01..50}.md
   25  ls documents
   26  mkdir trash
   27  ls
   28  mv gizumo{20..40}.md trash
   29  mv documents/gizumo{20..40}.md trash
   30  ls documents
   31  touch .gitignore
   32  vi .gitignore
   33  history 300 > exec_command.log
   34  git status
   35  cd ..
   36  git status
   37  git add .
   38  git status
   39  cd linux_practice2
   40  vi .gitignore
   41  git status
   42  git add .
   43  git status
   44  git rm --cached trash/gizumo{20..29}.md
   45  git status
   46  git add .
   47  git status
   48  git rm --cached trash/gizumo{20..29}.md
   49  git status
   50  cd ..
   51  git status
   52  git commit -m '課題2'
   53  git status
   54  git push origin master
   55  exit
   56  cd /vagrant
   57  cd server_lesson/linux_practice2
   58  ls
   59  history 300 >> exec_command.log
   60  cd ..
   61  git status
   62  git add linux_practice2/exec_command.log
   63  git status
   64  git commit -m '課題2'
   65  git status
   66  git push origin master
   67  exit
   68  vi linux_practice2/exec_command.log
   69  exit
   70  cd /vagrant/server_lesson
   71  history 300
   72  history 300 > linux_practice2/exec_command.log
